<?xml version="1.0" encoding="UTF-8"?>
<!-- Generated by org.testng.reporters.JUnitReportReporter -->
<testsuite hostname="DESKTOP-NK1IO8F" failures="0" tests="1" name="Test_NG_Programmes.Test_NG_Class" time="0.010" errors="0" timestamp="2022-11-03T21:49:01 IST" skipped="0">
  <testcase classname="Test_NG_Programmes.Test_NG_Class" name="m1" time="0.010"/>
  <system-out>
    <![CDATA[Hi]]>
  </system-out>
</testsuite> <!-- Test_NG_Programmes.Test_NG_Class -->
