<?xml version="1.0" encoding="UTF-8"?>
<!-- Generated by org.testng.reporters.JUnitReportReporter -->
<testsuite hostname="DESKTOP-NK1IO8F" failures="0" tests="1" name="Test_NG_Programmes.Annotation" time="0.006" errors="0" timestamp="2022-11-05T08:13:21 IST" skipped="0">
  <testcase classname="Test_NG_Programmes.Annotation" name="verifyID" time="0.006"/>
  <system-out>
    <![CDATA[verify user id]]>
  </system-out>
</testsuite> <!-- Test_NG_Programmes.Annotation -->
