<?xml version="1.0" encoding="UTF-8"?>
<!-- Generated by org.testng.reporters.JUnitReportReporter -->
<testsuite hostname="DESKTOP-NK1IO8F" failures="0" tests="3" name="Test_NG_Programmes.Priority" time="0.012" errors="0" timestamp="2022-11-05T09:14:41 IST" skipped="0">
  <testcase classname="Test_NG_Programmes.Priority" name="TC3" time="0.010"/>
  <system-out>
    <![CDATA[Running TC3]]>
  </system-out>
  <testcase classname="Test_NG_Programmes.Priority" name="TC1" time="0.001"/>
  <system-out>
    <![CDATA[Running TC1]]>
  </system-out>
  <testcase classname="Test_NG_Programmes.Priority" name="TC2" time="0.001"/>
  <system-out>
    <![CDATA[Running TC2]]>
  </system-out>
</testsuite> <!-- Test_NG_Programmes.Priority -->
