<?xml version="1.0" encoding="UTF-8"?>
<!-- Generated by org.testng.reporters.JUnitReportReporter -->
<testsuite hostname="DESKTOP-NK1IO8F" failures="0" tests="2" name="Test_NG_Programmes.Enabled" time="0.019" errors="0" timestamp="2022-11-05T09:37:45 IST" skipped="1">
  <testcase classname="Test_NG_Programmes.Enabled" name="TC2" time="0.019"/>
  <system-out>
    <![CDATA[Running TC1]]>
  </system-out>
  <testcase classname="Test_NG_Programmes.Enabled" name="TC1">
    <skipped/>
  </testcase> <!-- TC1 -->
  <system-out/>
</testsuite> <!-- Test_NG_Programmes.Enabled -->
